<?xml version="1.0" encoding="UTF-8"?>
<!-- Generated by org.testng.reporters.JUnitReportReporter -->
<testsuite hostname="MONSTER-IDEAPAD5" failures="0" tests="1" name="com.comcast.crm.orgTest.CreateOrgTestWithPhoneNumpom" time="22.935" errors="0" timestamp="2024-06-07T10:58:33 IST" skipped="0">
  <testcase classname="com.comcast.crm.orgTest.CreateOrgTestWithPhoneNumpom" name="createorg" time="22.935"/>
</testsuite> <!-- com.comcast.crm.orgTest.CreateOrgTestWithPhoneNumpom -->
