<?xml version="1.0" encoding="UTF-8"?>
<!-- Generated by org.testng.reporters.JUnitReportReporter -->
<testsuite hostname="MONSTER-IDEAPAD5" failures="0" tests="1" name="com.comcast.crm.orgTest.CreateOrgTestWithPhoneNumber" time="23.516" errors="0" timestamp="2024-05-31T13:10:12 IST" skipped="0">
  <testcase classname="com.comcast.crm.orgTest.CreateOrgTestWithPhoneNumber" name="createorg" time="23.516"/>
</testsuite> <!-- com.comcast.crm.orgTest.CreateOrgTestWithPhoneNumber -->
