<?xml version="1.0" encoding="UTF-8"?>
<!-- Generated by org.testng.reporters.JUnitReportReporter -->
<testsuite hostname="MONSTER-IDEAPAD5" failures="0" tests="1" name="com.comcast.crm.generic.databaseutility.DFXFGASDSH" time="0.025" errors="0" timestamp="2024-05-31T14:34:33 IST" skipped="0">
  <testcase classname="com.comcast.crm.generic.databaseutility.DFXFGASDSH" name="get" time="0.025"/>
</testsuite> <!-- com.comcast.crm.generic.databaseutility.DFXFGASDSH -->
