<?xml version="1.0" encoding="UTF-8"?>
<!-- Generated by org.testng.reporters.JUnitReportReporter -->
<testsuite hostname="MONSTER-IDEAPAD5" failures="0" tests="1" name="com.comcast.crm.ContactTest.CreateContactTestwithpom" time="35.501" errors="0" timestamp="2024-06-07T12:15:38 IST" skipped="0">
  <testcase classname="com.comcast.crm.ContactTest.CreateContactTestwithpom" name="createorg" time="35.501"/>
</testsuite> <!-- com.comcast.crm.ContactTest.CreateContactTestwithpom -->
