<?xml version="1.0" encoding="UTF-8"?>
<!-- Generated by org.testng.reporters.JUnitReportReporter -->
<testsuite hostname="MONSTER-IDEAPAD5" failures="0" tests="1" name="com.comcast.crm.orgTest.CreateOrgTestWithIndustries" time="25.037" errors="0" timestamp="2024-06-07T11:17:46 IST" skipped="0">
  <testcase classname="com.comcast.crm.orgTest.CreateOrgTestWithIndustries" name="createorg" time="25.037"/>
</testsuite> <!-- com.comcast.crm.orgTest.CreateOrgTestWithIndustries -->
