<?xml version="1.0" encoding="UTF-8"?>
<!-- Generated by org.testng.reporters.JUnitReportReporter -->
<testsuite hostname="MONSTER-IDEAPAD5" failures="0" tests="1" name="extentReport.SampleReportTest" time="2.339" errors="0" timestamp="2024-06-22T14:59:59 IST" skipped="0">
  <testcase classname="extentReport.SampleReportTest" name="createContact" time="2.339"/>
</testsuite> <!-- extentReport.SampleReportTest -->
