<?xml version="1.0" encoding="UTF-8"?>
<!-- Generated by org.testng.reporters.JUnitReportReporter -->
<testsuite hostname="MONSTER-IDEAPAD5" failures="0" tests="1" name="com.comcast.crm.orgTest.DeleteOrgTest" time="25.616" errors="0" timestamp="2024-06-06T17:58:57 IST" skipped="0">
  <testcase classname="com.comcast.crm.orgTest.DeleteOrgTest" name="createorg" time="25.616"/>
</testsuite> <!-- com.comcast.crm.orgTest.DeleteOrgTest -->
