<?xml version="1.0" encoding="UTF-8"?>
<!-- Generated by org.testng.reporters.JUnitReportReporter -->
<testsuite hostname="MONSTER-IDEAPAD5" failures="0" tests="1" name="task.IrctcTask" time="31.920" errors="0" timestamp="2024-06-17T12:29:58 IST" skipped="0">
  <testcase classname="task.IrctcTask" name="irctc" time="31.920"/>
</testsuite> <!-- task.IrctcTask -->
