<?xml version="1.0" encoding="UTF-8"?>
<!-- Generated by org.testng.reporters.JUnitReportReporter -->
<testsuite hostname="MONSTER-IDEAPAD5" failures="0" tests="1" name="task.Cricbuzz" time="28.329" errors="0" timestamp="2024-06-07T21:30:31 IST" skipped="0">
  <testcase classname="task.Cricbuzz" name="cricbuzz" time="28.329"/>
</testsuite> <!-- task.Cricbuzz -->
