<?xml version="1.0" encoding="UTF-8"?>
<!-- Generated by org.testng.reporters.JUnitReportReporter -->
<testsuite hostname="MONSTER-IDEAPAD5" failures="0" tests="1" name="com.comcast.crm.orgTest.CreateOrgTest" time="79.945" errors="0" timestamp="2024-06-05T11:54:20 IST" skipped="0">
  <testcase classname="com.comcast.crm.orgTest.CreateOrgTest" name="createorg" time="79.945"/>
</testsuite> <!-- com.comcast.crm.orgTest.CreateOrgTest -->
