<?xml version="1.0" encoding="UTF-8"?>
<!-- Generated by org.testng.reporters.JUnitReportReporter -->
<testsuite hostname="MONSTER-IDEAPAD5" failures="0" tests="1" name="com.comcast.crm.generic.fileutility.JsonDemo" time="0.028" errors="0" timestamp="2024-06-01T11:45:43 IST" skipped="0">
  <testcase classname="com.comcast.crm.generic.fileutility.JsonDemo" name="jsonu" time="0.028"/>
</testsuite> <!-- com.comcast.crm.generic.fileutility.JsonDemo -->
