<?xml version="1.0" encoding="UTF-8"?>
<!-- Generated by org.testng.reporters.JUnitReportReporter -->
<testsuite hostname="MONSTER-IDEAPAD5" failures="0" tests="1" name="com.comcast.crm.generic.fileutility.ReqData" time="0.077" errors="0" timestamp="2024-05-31T12:43:55 IST" skipped="0">
  <testcase classname="com.comcast.crm.generic.fileutility.ReqData" name="reqdate" time="0.077"/>
</testsuite> <!-- com.comcast.crm.generic.fileutility.ReqData -->
