<?xml version="1.0" encoding="UTF-8"?>
<!-- Generated by org.testng.reporters.JUnitReportReporter -->
<testsuite hostname="MONSTER-IDEAPAD5" failures="0" tests="1" name="com.comcast.crm.orgTest.CreateORGTestwithpom" time="26.867" errors="0" timestamp="2024-06-06T11:04:59 IST" skipped="0">
  <testcase classname="com.comcast.crm.orgTest.CreateORGTestwithpom" name="createorg" time="26.867"/>
</testsuite> <!-- com.comcast.crm.orgTest.CreateORGTestwithpom -->
