<?xml version="1.0" encoding="UTF-8"?>
<!-- Generated by org.testng.reporters.JUnitReportReporter -->
<testsuite hostname="MONSTER-IDEAPAD5" failures="0" tests="1" name="com.comcast.crm.ContactTest.CreateContactTestTestNGBaseClass" time="18.324" errors="0" timestamp="2024-06-25T17:14:08 IST" skipped="0">
  <testcase classname="com.comcast.crm.ContactTest.CreateContactTestTestNGBaseClass" name="createorg" time="18.324"/>
</testsuite> <!-- com.comcast.crm.ContactTest.CreateContactTestTestNGBaseClass -->
